109.11.23 16:59 B d:\fortran\FOCUS\FOCUS.EXE <-- HET HET$DISK:[HETMGR.LIBRARY.FOCUS.DEVEL.VAX] FOCUS.EXE;1
109.11.23 17:00 A d:\fortran\FOCUS\3J6J_8.FOR <-- HET HET$DISK:[HETMGR.LIBRARY.FOCUS.REF] 3J6J_8.FOR;295
109.11.23 17:00 A d:\fortran\FOCUS\BNDPAR.FOR <-- HET HET$DISK:[HETMGR.LIBRARY.FOCUS.REF] BNDPAR.FOR;372
109.11.23 17:00 A d:\fortran\FOCUS\CANTED.INC <-- HET HET$DISK:[HETMGR.LIBRARY.FOCUS.REF] CANTED.INC;374
109.11.23 17:00 A d:\fortran\FOCUS\CF_FABI.FOR <-- HET HET$DISK:[HETMGR.LIBRARY.FOCUS.REF] CF_FABI.FOR;732
109.11.23 17:00 A d:\fortran\FOCUS\CF_FABI.INC <-- HET HET$DISK:[HETMGR.LIBRARY.FOCUS.REF] CF_FABI.INC;394
109.11.23 17:00 A d:\fortran\FOCUS\CF_FABI_STEUER.FOR <-- HET HET$DISK:[HETMGR.LIBRARY.FOCUS.REF] CF_FABI_STEUER.FOR;312
109.11.23 17:00 A d:\fortran\FOCUS\CF_FORMFACTOR.FOR <-- HET HET$DISK:[HETMGR.LIBRARY.FOCUS.REF] CF_FORMFACTOR.FOR;299
109.11.23 17:00 A d:\fortran\FOCUS\CLEPAR.FOR <-- HET HET$DISK:[HETMGR.LIBRARY.FOCUS.REF] CLEPAR.FOR;376
109.11.23 17:00 A d:\fortran\FOCUS\CONTROL.INC <-- HET HET$DISK:[HETMGR.LIBRARY.FOCUS.REF] CONTROL.INC;374
109.11.23 17:00 A d:\fortran\FOCUS\DEGENERATION.INC <-- HET HET$DISK:[HETMGR.LIBRARY.FOCUS.REF] DEGENERATION.INC;374
109.11.23 17:00 A d:\fortran\FOCUS\DERMAT.FOR <-- HET HET$DISK:[HETMGR.LIBRARY.FOCUS.REF] DERMAT.FOR;301
109.11.23 17:00 A d:\fortran\FOCUS\FITDIS.FOR <-- HET HET$DISK:[HETMGR.LIBRARY.FOCUS.REF] FITDIS.FOR;310
109.11.23 17:00 A d:\fortran\FOCUS\FIXPAR.FOR <-- HET HET$DISK:[HETMGR.LIBRARY.FOCUS.REF] FIXPAR.FOR;131
109.11.23 17:00 A d:\fortran\FOCUS\FOCUS.COM <-- HET HET$DISK:[HETMGR.LIBRARY.FOCUS.REF] FOCUS.COM;408
109.11.23 17:00 A d:\fortran\FOCUS\FOCUS.FOR <-- HET HET$DISK:[HETMGR.LIBRARY.FOCUS.REF] FOCUS.FOR;579
109.11.23 17:00 A d:\fortran\FOCUS\FOCUS.HLP <-- HET HET$DISK:[HETMGR.LIBRARY.FOCUS.REF] FOCUS.HLP;385
109.11.23 17:00 A d:\fortran\FOCUS\FOCUS.INC <-- HET HET$DISK:[HETMGR.LIBRARY.FOCUS.REF] FOCUS.INC;389
109.11.23 17:00 A d:\fortran\FOCUS\FOCUS.PAR <-- HET HET$DISK:[HETMGR.LIBRARY.FOCUS.REF] FOCUS.PAR;373
109.11.23 17:00 A d:\fortran\FOCUS\FOCUS.VER <-- HET HET$DISK:[HETMGR.LIBRARY.FOCUS.REF] FOCUS.VER;150
109.11.23 17:00 A d:\fortran\FOCUS\FOCUS_CALC.FOR <-- HET HET$DISK:[HETMGR.LIBRARY.FOCUS.REF] FOCUS_CALC.FOR;201
109.11.23 17:00 A d:\fortran\FOCUS\FOCUS_COMP.COM <-- HET HET$DISK:[HETMGR.LIBRARY.FOCUS.REF] FOCUS_COMP.COM;513
109.11.23 17:00 A d:\fortran\FOCUS\FOCUS_COMP.COM <-- HET HET$DISK:[HETMGR.LIBRARY.FOCUS.REF] FOCUS_COMP.COM;514
109.11.23 17:00 A d:\fortran\FOCUS\FOCUS_DEVEL.COM <-- HET HET$DISK:[HETMGR.LIBRARY.FOCUS.REF] FOCUS_DEVEL.COM;392
109.11.23 17:00 A d:\fortran\FOCUS\FOCUS_HELP.COM <-- HET HET$DISK:[HETMGR.LIBRARY.FOCUS.REF] FOCUS_HELP.COM;396
109.11.23 17:00 A d:\fortran\FOCUS\FOCUS_INIT.COM <-- HET HET$DISK:[HETMGR.LIBRARY.FOCUS.REF] FOCUS_INIT.COM;5
109.11.23 17:00 A d:\fortran\FOCUS\FOCUS_LINK.COM <-- HET HET$DISK:[HETMGR.LIBRARY.FOCUS.REF] FOCUS_LINK.COM;438
109.11.23 17:00 A d:\fortran\FOCUS\FOCUS_RELEASE.COM <-- HET HET$DISK:[HETMGR.LIBRARY.FOCUS.REF] FOCUS_RELEASE.COM;415
109.11.23 17:00 A d:\fortran\FOCUS\FOCUS_SAVE.COM <-- HET HET$DISK:[HETMGR.LIBRARY.FOCUS.REF] FOCUS_SAVE.COM;409
109.11.23 17:00 A d:\fortran\FOCUS\FORMFACTOR.INC <-- HET HET$DISK:[HETMGR.LIBRARY.FOCUS.REF] FORMFACTOR.INC;374
109.11.23 17:00 A d:\fortran\FOCUS\FRILLS.INC <-- HET HET$DISK:[HETMGR.LIBRARY.FOCUS.REF] FRILLS.INC;374
109.11.23 17:00 A d:\fortran\FOCUS\FRILLS.PAR <-- HET HET$DISK:[HETMGR.LIBRARY.FOCUS.REF] FRILLS.PAR;380
109.11.23 17:00 A d:\fortran\FOCUS\FUNCTION.FOR <-- HET HET$DISK:[HETMGR.LIBRARY.FOCUS.REF] FUNCTION.FOR;490
109.11.23 17:00 A d:\fortran\FOCUS\FUNCTION.INC <-- HET HET$DISK:[HETMGR.LIBRARY.FOCUS.REF] FUNCTION.INC;375
109.11.23 17:00 A d:\fortran\FOCUS\HELP.FOR <-- HET HET$DISK:[HETMGR.LIBRARY.FOCUS.REF] HELP.FOR;322
109.11.23 17:00 A d:\fortran\FOCUS\INFO.FOR <-- HET HET$DISK:[HETMGR.LIBRARY.FOCUS.REF] INFO.FOR;196
109.11.23 17:00 A d:\fortran\FOCUS\INSTRUMENT.INC <-- HET HET$DISK:[HETMGR.LIBRARY.FOCUS.REF] INSTRUMENT.INC;319
109.11.23 17:00 A d:\fortran\FOCUS\LIMIT.INC <-- HET HET$DISK:[HETMGR.LIBRARY.FOCUS.REF] LIMIT.INC;227
109.11.23 17:00 A d:\fortran\FOCUS\LIMITPAR.INC <-- HET HET$DISK:[HETMGR.LIBRARY.FOCUS.REF] LIMITPAR.INC;373
109.11.23 17:00 A d:\fortran\FOCUS\LIMPAR.FOR <-- HET HET$DISK:[HETMGR.LIBRARY.FOCUS.REF] LIMPAR.FOR;305
109.11.23 17:00 A d:\fortran\FOCUS\LOGIN_SETUP_COM.HLP <-- HET HET$DISK:[HETMGR.LIBRARY.FOCUS.REF] LOGIN_SETUP_COM.HLP;186
109.11.23 17:00 A d:\fortran\FOCUS\MONTE.INC <-- HET HET$DISK:[HETMGR.LIBRARY.FOCUS.REF] MONTE.INC;377
109.11.23 17:00 A d:\fortran\FOCUS\MONTE_CARLO.FOR <-- HET HET$DISK:[HETMGR.LIBRARY.FOCUS.REF] MONTE_CARLO.FOR;351
109.11.23 17:00 A d:\fortran\FOCUS\MULTI_FRILLS.FOR <-- HET HET$DISK:[HETMGR.LIBRARY.FOCUS.REF] MULTI_FRILLS.FOR;338
109.11.23 17:00 A d:\fortran\FOCUS\NO0PAR.INC <-- HET HET$DISK:[HETMGR.LIBRARY.FOCUS.REF] NO0PAR.INC;373
109.11.23 17:00 A d:\fortran\FOCUS\OVERALL.INC <-- HET HET$DISK:[HETMGR.LIBRARY.FOCUS.REF] OVERALL.INC;90
109.11.23 17:00 A d:\fortran\FOCUS\PARDIS.FOR <-- HET HET$DISK:[HETMGR.LIBRARY.FOCUS.REF] PARDIS.FOR;322
109.11.23 17:00 A d:\fortran\FOCUS\PARIN.FOR <-- HET HET$DISK:[HETMGR.LIBRARY.FOCUS.REF] PARIN.FOR;335
109.11.23 17:00 A d:\fortran\FOCUS\PAROUT.FOR <-- HET HET$DISK:[HETMGR.LIBRARY.FOCUS.REF] PAROUT.FOR;316
109.11.23 17:00 A d:\fortran\FOCUS\PBACK.FOR <-- HET HET$DISK:[HETMGR.LIBRARY.FOCUS.REF] PBACK.FOR;306
109.11.23 17:00 A d:\fortran\FOCUS\PMFIT.FOR <-- HET HET$DISK:[HETMGR.LIBRARY.FOCUS.REF] PMFIT.FOR;386
109.11.23 17:00 A d:\fortran\FOCUS\PRTOUT.FOR <-- HET HET$DISK:[HETMGR.LIBRARY.FOCUS.REF] PRTOUT.FOR;313
109.11.23 17:00 A d:\fortran\FOCUS\PTRANS.FOR <-- HET HET$DISK:[HETMGR.LIBRARY.FOCUS.REF] PTRANS.FOR;306
109.11.23 17:00 A d:\fortran\FOCUS\RESOLUTION.FOR <-- HET HET$DISK:[HETMGR.LIBRARY.FOCUS.REF] RESOLUTION.FOR;238
109.11.23 17:00 A d:\fortran\FOCUS\RESOLUTION.INC <-- HET HET$DISK:[HETMGR.LIBRARY.FOCUS.REF] RESOLUTION.INC;332
109.11.23 17:00 A d:\fortran\FOCUS\RNUMBER.INC <-- HET HET$DISK:[HETMGR.LIBRARY.FOCUS.REF] RNUMBER.INC;373
109.11.23 17:00 A d:\fortran\FOCUS\SELBAC.FOR <-- HET HET$DISK:[HETMGR.LIBRARY.FOCUS.REF] SELBAC.FOR;11
109.11.23 17:00 A d:\fortran\FOCUS\SELF.FOR <-- HET HET$DISK:[HETMGR.LIBRARY.FOCUS.REF] SELF.FOR;244
109.11.23 17:00 A d:\fortran\FOCUS\SELF.INC <-- HET HET$DISK:[HETMGR.LIBRARY.FOCUS.REF] SELF.INC;331
109.11.23 17:00 A d:\fortran\FOCUS\SETPAR.FOR <-- HET HET$DISK:[HETMGR.LIBRARY.FOCUS.REF] SETPAR.FOR;299
109.11.23 17:00 A d:\fortran\FOCUS\SHOW.FOR <-- HET HET$DISK:[HETMGR.LIBRARY.FOCUS.REF] SHOW.FOR;51
109.11.23 17:00 A d:\fortran\FOCUS\UNLIMPAR.FOR <-- HET HET$DISK:[HETMGR.LIBRARY.FOCUS.REF] UNLIMPAR.FOR;75
109.11.23 17:00 A d:\fortran\FOCUS\USER_COMMAND.FOR <-- HET HET$DISK:[HETMGR.LIBRARY.FOCUS.REF] USER_COMMAND.FOR;464
109.11.23 17:00 A d:\fortran\FOCUS\USER_HELP.FOR <-- HET HET$DISK:[HETMGR.LIBRARY.FOCUS.REF] USER_HELP.FOR;345
109.11.23 17:00 A d:\fortran\FOCUS\VERSION_CHANGE.FOR <-- HET HET$DISK:[HETMGR.LIBRARY.FOCUS.REF] VERSION_CHANGE.FOR;292
109.11.23 17:00 A d:\fortran\FOCUS\VERSION_NUMBER.FOR <-- HET HET$DISK:[HETMGR.LIBRARY.FOCUS.REF] VERSION_NUMBER.FOR;285
109.11.23 17:00 A d:\fortran\FOCUS\XR.INC <-- HET HET$DISK:[HETMGR.LIBRARY.FOCUS.REF] XR.INC;377
